{"/Users/vladimirloskutov/frontend-project-lvl2/src/index.js": {"path":"/Users/vladimirloskutov/frontend-project-lvl2/src/index.js","all":false,"statementMap":{"0":{"start":{"line":1,"column":0},"end":{"line":1,"column":23}},"1":{"start":{"line":2,"column":0},"end":{"line":2,"column":20}},"2":{"start":{"line":3,"column":0},"end":{"line":3,"column":24}},"3":{"start":{"line":4,"column":0},"end":{"line":4,"column":30}},"4":{"start":{"line":5,"column":0},"end":{"line":5,"column":0}},"5":{"start":{"line":6,"column":0},"end":{"line":6,"column":43}},"6":{"start":{"line":7,"column":0},"end":{"line":7,"column":92}},"7":{"start":{"line":8,"column":0},"end":{"line":8,"column":92}},"8":{"start":{"line":9,"column":0},"end":{"line":9,"column":0}},"9":{"start":{"line":10,"column":0},"end":{"line":10,"column":35}},"10":{"start":{"line":11,"column":0},"end":{"line":11,"column":35}},"11":{"start":{"line":12,"column":0},"end":{"line":12,"column":92}},"12":{"start":{"line":13,"column":0},"end":{"line":13,"column":0}},"13":{"start":{"line":14,"column":0},"end":{"line":14,"column":51}},"14":{"start":{"line":15,"column":0},"end":{"line":15,"column":29}},"15":{"start":{"line":16,"column":0},"end":{"line":16,"column":35}},"16":{"start":{"line":17,"column":0},"end":{"line":17,"column":36}},"17":{"start":{"line":18,"column":0},"end":{"line":18,"column":35}},"18":{"start":{"line":19,"column":0},"end":{"line":19,"column":43}},"19":{"start":{"line":20,"column":0},"end":{"line":20,"column":35}},"20":{"start":{"line":21,"column":0},"end":{"line":21,"column":43}},"21":{"start":{"line":22,"column":0},"end":{"line":22,"column":35}},"22":{"start":{"line":23,"column":0},"end":{"line":23,"column":35}},"23":{"start":{"line":24,"column":0},"end":{"line":24,"column":5}},"24":{"start":{"line":25,"column":0},"end":{"line":25,"column":0}},"25":{"start":{"line":26,"column":0},"end":{"line":26,"column":15}},"26":{"start":{"line":27,"column":0},"end":{"line":27,"column":9}},"27":{"start":{"line":28,"column":0},"end":{"line":28,"column":0}},"28":{"start":{"line":29,"column":0},"end":{"line":29,"column":84}},"29":{"start":{"line":30,"column":0},"end":{"line":30,"column":2}},"30":{"start":{"line":31,"column":0},"end":{"line":31,"column":0}},"31":{"start":{"line":32,"column":0},"end":{"line":32,"column":23}}},"s":{"0":1,"1":1,"2":1,"3":1,"4":1,"5":1,"6":1,"7":1,"8":1,"9":1,"10":1,"11":1,"12":2,"13":5,"14":3,"15":3,"16":2,"17":1,"18":1,"19":1,"20":5,"21":1,"22":1,"23":1,"24":1,"25":1,"26":1,"27":1,"28":1,"29":1,"30":1,"31":1},"branchMap":{"0":{"type":"branch","line":1,"loc":{"start":{"line":1,"column":0},"end":{"line":29,"column":24}},"locations":[{"start":{"line":1,"column":0},"end":{"line":29,"column":24}}]},"1":{"type":"branch","line":2,"loc":{"start":{"line":2,"column":5},"end":{"line":27,"column":8}},"locations":[{"start":{"line":2,"column":5},"end":{"line":27,"column":8}}]},"2":{"type":"branch","line":12,"loc":{"start":{"line":12,"column":41},"end":{"line":22,"column":9}},"locations":[{"start":{"line":12,"column":41},"end":{"line":22,"column":9}}]},"3":{"type":"branch","line":12,"loc":{"start":{"line":12,"column":85},"end":{"line":14,"column":34}},"locations":[{"start":{"line":12,"column":85},"end":{"line":14,"column":34}}]},"4":{"type":"branch","line":14,"loc":{"start":{"line":14,"column":34},"end":{"line":21,"column":32}},"locations":[{"start":{"line":14,"column":34},"end":{"line":21,"column":32}}]},"5":{"type":"branch","line":15,"loc":{"start":{"line":15,"column":12},"end":{"line":16,"column":25}},"locations":[{"start":{"line":15,"column":12},"end":{"line":16,"column":25}}]},"6":{"type":"branch","line":16,"loc":{"start":{"line":16,"column":25},"end":{"line":21,"column":32}},"locations":[{"start":{"line":16,"column":25},"end":{"line":21,"column":32}}]},"7":{"type":"branch","line":17,"loc":{"start":{"line":17,"column":26},"end":{"line":21,"column":32}},"locations":[{"start":{"line":17,"column":26},"end":{"line":21,"column":32}}]}},"b":{"0":[1],"1":[1],"2":[5],"3":[2],"4":[3],"5":[1],"6":[2],"7":[1]},"fnMap":{"0":{"name":"genDiff","decl":{"start":{"line":2,"column":5},"end":{"line":27,"column":8}},"loc":{"start":{"line":2,"column":5},"end":{"line":27,"column":8}},"line":2}},"f":{"0":1}}
}
